 ♠                              | INFO     |              _                        
 ♠                              | INFO     |             | |                       
 ♠                              | INFO     |  _ __  _   _| | ____ _ ___ ___  ___   
 ♠                              | INFO     | | `_ \| | | | |/ / _` / __/ __|/ _ \  
 ♠                              | INFO     | | |_) | |_| |   < (_| \__ \__ \ (_) | 
 ♠                              | INFO     | | .__/ \__, |_|\_\__,_|___/___/\___/  
 ♠                              | INFO     | | |     __/ |                         
 ♠                              | INFO     | |_|    |___/                          
 ☼                              | INFO     | Directory location : c:\Users\franc\OneDrive\Desktop\pykasso\pykasso\notebooks\geometry/new_project/
 ☼                              | INFO     | Date log creation  : 2024-08-25 16:54:45
 ☼                              | INFO     | pyKasso version    : v.0.1.3
 ☼                              | INFO     | 
 ☼                              | INFO     | Dependencies versions:
 ☼                              | INFO     |  - numpy : 1.26.4
 ☼                              | INFO     |  - pandas : 2.2.2
 ☼                              | INFO     |  - agd : 0.2.5
 ☼                              | INFO     |  - matplotlib : 3.8.4
 ☼                              | INFO     |  - pyvista : 0.43.8
 ☼                              | INFO     |  - karstnet : not installed
 ☼                              | INFO     |  - networkx : 3.2.1
 ☼                              | INFO     | 
 ☼                              | INFO     | Grid parameters:
 ☼                              | INFO     |  - x0 : 0
 ☼                              | INFO     |  - y0 : 0
 ☼                              | INFO     |  - z0 : 0
 ☼                              | INFO     |  - nx : 10
 ☼                              | INFO     |  - ny : 10
 ☼                              | INFO     |  - nz : 10
 ☼                              | INFO     |  - dx : 10
 ☼                              | INFO     |  - dy : 10
 ☼                              | INFO     |  - dz : 10
 ☼                              | INFO     | 
