 ♠                              | INFO     |              _                        
 ♠                              | INFO     |             | |                       
 ♠                              | INFO     |  _ __  _   _| | ____ _ ___ ___  ___   
 ♠                              | INFO     | | `_ \| | | | |/ / _` / __/ __|/ _ \  
 ♠                              | INFO     | | |_) | |_| |   < (_| \__ \__ \ (_) | 
 ♠                              | INFO     | | .__/ \__, |_|\_\__,_|___/___/\___/  
 ♠                              | INFO     | | |     __/ |                         
 ♠                              | INFO     | |_|    |___/                          
 ☼                              | INFO     | Directory location : c:\Users\franc\OneDrive\Desktop\pykasso\pykasso\notebooks\geometry/geometry_06b/
 ☼                              | INFO     | Date log creation  : 2024-02-28 17:02:41
 ☼                              | INFO     | pyKasso version    : v.0.1.2
 ☼                              | INFO     | 
 ☼                              | INFO     | Dependencies versions:
 ☼                              | INFO     |  - numpy : 1.24.1
 ☼                              | INFO     |  - pandas : 1.5.3
 ☼                              | INFO     |  - agd : 0.1.31
 ☼                              | INFO     |  - matplotlib : 3.6.3
 ☼                              | INFO     |  - pyvista : 0.42.3
 ☼                              | INFO     |  - karstnet : 1.2.1
 ☼                              | INFO     |  - networkx : 3.1
 ☼                              | INFO     | 
 ☼                              | INFO     | Grid parameters:
 ☼                              | INFO     |  - x0 : 0
 ☼                              | INFO     |  - y0 : 0
 ☼                              | INFO     |  - z0 : 0
 ☼                              | INFO     |  - nx : 100
 ☼                              | INFO     |  - ny : 1
 ☼                              | INFO     |  - nz : 100
 ☼                              | INFO     |  - dx : 10
 ☼                              | INFO     |  - dy : 10
 ☼                              | INFO     |  - dz : 10
 ☼                              | INFO     | 
 ►                              | INFO     | ****************************
 ►                              | INFO     | *** pyKasso simulation 1 ***
 ►                              | INFO     | ****************************
 ►                              | INFO     | Path          : geometry_06b/outputs/simulation_1/
 ►                              | INFO     | Date          : 2024-02-28 17:02:41
 ►                              | INFO     | Logging level : 10
 ►                              | INFO     | ---
 validation.sks                 | WARNING  | The 'costs' attribute is missing. Set to default value.
 validation.sks                 | WARNING  | The 'factors' attribute is missing. Set to default value.
 validation.sks                 | INFO     | 'sks' parameters have been validated.
 validation.geology             | WARNING  | The 'data' attribute is missing. Set to default value.
 validation.geology             | WARNING  | The 'axis' attribute is missing. Set to default value.
 validation.geology             | WARNING  | The 'names' attribute is missing. Set to default value.
 validation.geology             | WARNING  | The 'costs' attribute is missing. Set to default value.
 validation.geology             | WARNING  | The 'model' attribute is missing. Set to default value.
 validation.geology             | INFO     | 'geology' parameters have been validated.
 construction.geology           | INFO     | 'geology' has been constructed
 validation.faults              | WARNING  | The 'data' attribute is missing. Set to default value.
 validation.faults              | WARNING  | The 'axis' attribute is missing. Set to default value.
 validation.faults              | WARNING  | The 'names' attribute is missing. Set to default value.
 validation.faults              | WARNING  | The 'costs' attribute is missing. Set to default value.
 validation.faults              | WARNING  | The 'model' attribute is missing. Set to default value.
 validation.faults              | INFO     | 'faults' parameters have been validated.
 construction.faults            | INFO     | 'faults' has been constructed
 validation.fractures           | WARNING  | The 'data' attribute is missing. Set to default value.
 validation.fractures           | WARNING  | The 'axis' attribute is missing. Set to default value.
 validation.fractures           | WARNING  | The 'names' attribute is missing. Set to default value.
 validation.fractures           | WARNING  | The 'costs' attribute is missing. Set to default value.
 validation.fractures           | WARNING  | The 'model' attribute is missing. Set to default value.
 validation.fractures           | WARNING  | The 'seed' attribute is missing. Set to default value.
 validation.fractures           | INFO     | 'fractures' parameters have been validated.
 construction.fractures         | INFO     | 'fractures' has been constructed
 validation.domain              | WARNING  | The 'delimitation' attribute is missing. Set to default value.
 validation.domain              | WARNING  | The 'topography' attribute is missing. Set to default value.
 validation.domain              | INFO     | 'domain' parameters have been validated.
 construction.domain            | INFO     | 'domain' has been constructed
 validation.outlets             | WARNING  | The 'shuffle' attribute is missing. Set to default value.
 validation.outlets             | WARNING  | The 'importance' attribute is missing. Set to default value.
 validation.outlets             | WARNING  | The 'geology' attribute is missing. Set to default value.
 validation.outlets             | WARNING  | The 'seed' attribute is missing. Set to default value.
 validation.outlets             | INFO     | 'outlets' parameters have been validated.
 construction.outlets           | INFO     | 'outlets' has been constructed
 validation.inlets              | WARNING  | The 'data' attribute is missing. Set to default value.
 validation.inlets              | WARNING  | The 'shuffle' attribute is missing. Set to default value.
 validation.inlets              | WARNING  | The 'geology' attribute is missing. Set to default value.
 validation.inlets              | INFO     | 'inlets' parameters have been validated.
 construction.inlets            | INFO     | 'inlets' has been constructed
 modelisation.karst             | INFO     | Computing karst conduit network...
 modelisation.karst             | INFO     | iteration : 1/3
 modelisation.karst             | INFO     | iteration : 2/3
 modelisation.karst             | INFO     | iteration : 3/3
 ►                              | INFO     | ****************************
 ►                              | INFO     | *** pyKasso simulation 2 ***
 ►                              | INFO     | ****************************
 ►                              | INFO     | Path          : geometry_06b/outputs/simulation_2/
 ►                              | INFO     | Date          : 2024-02-28 17:02:41
 ►                              | INFO     | Logging level : 10
 ►                              | INFO     | ---
 validation.sks                 | WARNING  | The 'costs' attribute is missing. Set to default value.
 validation.sks                 | WARNING  | The 'factors' attribute is missing. Set to default value.
 validation.sks                 | INFO     | 'sks' parameters have been validated.
 validation.geology             | WARNING  | The 'data' attribute is missing. Set to default value.
 validation.geology             | WARNING  | The 'axis' attribute is missing. Set to default value.
 validation.geology             | WARNING  | The 'names' attribute is missing. Set to default value.
 validation.geology             | WARNING  | The 'costs' attribute is missing. Set to default value.
 validation.geology             | WARNING  | The 'model' attribute is missing. Set to default value.
 validation.geology             | INFO     | 'geology' parameters have been validated.
 construction.geology           | INFO     | 'geology' has been constructed
 validation.faults              | WARNING  | The 'data' attribute is missing. Set to default value.
 validation.faults              | WARNING  | The 'axis' attribute is missing. Set to default value.
 validation.faults              | WARNING  | The 'names' attribute is missing. Set to default value.
 validation.faults              | WARNING  | The 'costs' attribute is missing. Set to default value.
 validation.faults              | WARNING  | The 'model' attribute is missing. Set to default value.
 validation.faults              | INFO     | 'faults' parameters have been validated.
 construction.faults            | INFO     | 'faults' has been constructed
 validation.fractures           | WARNING  | The 'data' attribute is missing. Set to default value.
 validation.fractures           | WARNING  | The 'axis' attribute is missing. Set to default value.
 validation.fractures           | WARNING  | The 'names' attribute is missing. Set to default value.
 validation.fractures           | WARNING  | The 'costs' attribute is missing. Set to default value.
 validation.fractures           | WARNING  | The 'model' attribute is missing. Set to default value.
 validation.fractures           | WARNING  | The 'seed' attribute is missing. Set to default value.
 validation.fractures           | INFO     | 'fractures' parameters have been validated.
 construction.fractures         | INFO     | 'fractures' has been constructed
 validation.domain              | WARNING  | The 'delimitation' attribute is missing. Set to default value.
 validation.domain              | WARNING  | The 'topography' attribute is missing. Set to default value.
 validation.domain              | INFO     | 'domain' parameters have been validated.
 construction.domain            | INFO     | 'domain' has been constructed
 validation.outlets             | WARNING  | The 'shuffle' attribute is missing. Set to default value.
 validation.outlets             | WARNING  | The 'importance' attribute is missing. Set to default value.
 validation.outlets             | WARNING  | The 'geology' attribute is missing. Set to default value.
 validation.outlets             | WARNING  | The 'seed' attribute is missing. Set to default value.
 validation.outlets             | INFO     | 'outlets' parameters have been validated.
 construction.outlets           | INFO     | 'outlets' has been constructed
 validation.inlets              | WARNING  | The 'data' attribute is missing. Set to default value.
 validation.inlets              | WARNING  | The 'shuffle' attribute is missing. Set to default value.
 validation.inlets              | WARNING  | The 'geology' attribute is missing. Set to default value.
 validation.inlets              | INFO     | 'inlets' parameters have been validated.
 construction.inlets            | INFO     | 'inlets' has been constructed
 modelisation.karst             | INFO     | Computing karst conduit network...
 modelisation.karst             | INFO     | iteration : 1/3
 modelisation.karst             | INFO     | iteration : 2/3
 modelisation.karst             | INFO     | iteration : 3/3
