 ♠                              | INFO     |              _                        
 ♠                              | INFO     |             | |                       
 ♠                              | INFO     |  _ __  _   _| | ____ _ ___ ___  ___   
 ♠                              | INFO     | | `_ \| | | | |/ / _` / __/ __|/ _ \  
 ♠                              | INFO     | | |_) | |_| |   < (_| \__ \__ \ (_) | 
 ♠                              | INFO     | | .__/ \__, |_|\_\__,_|___/___/\___/  
 ♠                              | INFO     | | |     __/ |                         
 ♠                              | INFO     | |_|    |___/                          
 ☼                              | INFO     | Directory location : c:\Users\franc\OneDrive\Desktop\pykasso\pykasso\notebooks\geometry/geometry_07/
 ☼                              | INFO     | Date log creation  : 2023-10-04 15:44:21
 ☼                              | INFO     | pyKasso version    : v.0.1.2
 ☼                              | INFO     | 
 ☼                              | INFO     | Dependencies versions:
 ☼                              | INFO     |  - numpy : 1.24.1
 ☼                              | INFO     |  - pandas : 1.5.3
 ☼                              | INFO     |  - agd : 0.1.31
 ☼                              | INFO     |  - matplotlib : 3.6.3
 ☼                              | INFO     |  - pyvista : 0.37.0
 ☼                              | INFO     |  - karstnet : 1.2.0
 ☼                              | INFO     |  - networkx : 3.1
 ☼                              | INFO     | 
 ►                              | INFO     | ****************************
 ►                              | INFO     | *** pyKasso simulation 1 ***
 ►                              | INFO     | ****************************
 ►                              | INFO     | Path          : geometry_07/outputs/simulation_1/
 ►                              | INFO     | Date          : 2023-10-04 15:44:21
 ►                              | INFO     | Logging level : 10
 ►                              | INFO     | ---
 domain.validation              | WARNING  | The 'delimitation' attribute is missing (optional).
 domain.validation              | INFO     | 'domain' settings have been validated
 domain.construction            | INFO     | 'domain' has been constructed
 sks.validation                 | WARNING  | The 'costs' attribute is missing (optional).
 sks.validation                 | WARNING  | The 'factors' attribute is missing (optional).
 sks.validation                 | INFO     | 'sks' settings have been validated
 geology.validation             | WARNING  | The 'geology' attribute is missing (optional).
 geology.validation             | WARNING  | The 'data' attribute is missing (optional).
 geology.validation             | WARNING  | The 'axis' attribute is missing (optional).
 geology.validation             | INFO     | 'geology' settings have been validated
 geology.construction           | INFO     | 'geology' has been constructed
 faults.validation              | WARNING  | The 'faults' attribute is missing (optional).
 faults.validation              | WARNING  | The 'data' attribute is missing (optional).
 faults.validation              | WARNING  | The 'axis' attribute is missing (optional).
 faults.validation              | INFO     | 'faults' settings have been validated
 faults.construction            | INFO     | 'faults' has been constructed
 outlets.validation             | WARNING  | The 'shuffle' attribute is missing (optional).
 outlets.validation             | WARNING  | The 'subdomain' attribute is missing (optional).
 outlets.validation             | WARNING  | The 'geology' attribute is missing (optional).
 outlets.validation             | WARNING  | The 'seed' attribute is missing (optional).
 outlets.validation             | INFO     | 'outlets' settings have been validated
 outlets.construction           | INFO     | 'outlets' has been constructed
 inlets.validation              | WARNING  | The 'data' attribute is missing (optional).
 inlets.validation              | WARNING  | The 'shuffle' attribute is missing (optional).
 inlets.validation              | WARNING  | The 'subdomain' attribute is missing (optional).
 inlets.validation              | WARNING  | The 'geology' attribute is missing (optional).
 inlets.validation              | WARNING  | The 'seed' attribute is missing (optional).
 inlets.validation              | INFO     | 'inlets' settings have been validated
 ►                              | WARNING  | 1/1 inlets have been discarded because out of domain.
 inlets.construction            | INFO     | 'inlets' has been constructed
 fractures.validation           | WARNING  | The 'fractures' attribute is missing (optional).
 fractures.validation           | WARNING  | The 'data' attribute is missing (optional).
 fractures.validation           | WARNING  | The 'axis' attribute is missing (optional).
 fractures.validation           | WARNING  | The 'seed' attribute is missing (optional).
 fractures.validation           | INFO     | 'fractures' settings have been validated
 fractures.construction         | INFO     | 'fractures' has been constructed
 fmm.modelisation               | INFO     | Computing karst conduit network...
 fmm.modelisation               | INFO     | iteration : 1/3
 fmm.modelisation               | INFO     | iteration : 2/3
 fmm.modelisation               | INFO     | iteration : 3/3
 ►                              | INFO     | ****************************
 ►                              | INFO     | *** pyKasso simulation 2 ***
 ►                              | INFO     | ****************************
 ►                              | INFO     | Path          : geometry_07/outputs/simulation_2/
 ►                              | INFO     | Date          : 2023-10-04 15:44:23
 ►                              | INFO     | Logging level : 10
 ►                              | INFO     | ---
 domain.validation              | WARNING  | The 'delimitation' attribute is missing (optional).
 domain.validation              | INFO     | 'domain' settings have been validated
 domain.construction            | INFO     | 'domain' has been constructed
 sks.validation                 | WARNING  | The 'costs' attribute is missing (optional).
 sks.validation                 | WARNING  | The 'factors' attribute is missing (optional).
 sks.validation                 | INFO     | 'sks' settings have been validated
 geology.validation             | WARNING  | The 'geology' attribute is missing (optional).
 geology.validation             | WARNING  | The 'data' attribute is missing (optional).
 geology.validation             | WARNING  | The 'axis' attribute is missing (optional).
 geology.validation             | INFO     | 'geology' settings have been validated
 geology.construction           | INFO     | 'geology' has been constructed
 faults.validation              | WARNING  | The 'faults' attribute is missing (optional).
 faults.validation              | WARNING  | The 'data' attribute is missing (optional).
 faults.validation              | WARNING  | The 'axis' attribute is missing (optional).
 faults.validation              | INFO     | 'faults' settings have been validated
 faults.construction            | INFO     | 'faults' has been constructed
 outlets.validation             | WARNING  | The 'shuffle' attribute is missing (optional).
 outlets.validation             | WARNING  | The 'subdomain' attribute is missing (optional).
 outlets.validation             | WARNING  | The 'geology' attribute is missing (optional).
 outlets.validation             | WARNING  | The 'seed' attribute is missing (optional).
 outlets.validation             | INFO     | 'outlets' settings have been validated
 outlets.construction           | INFO     | 'outlets' has been constructed
 inlets.validation              | WARNING  | The 'data' attribute is missing (optional).
 inlets.validation              | WARNING  | The 'shuffle' attribute is missing (optional).
 inlets.validation              | WARNING  | The 'subdomain' attribute is missing (optional).
 inlets.validation              | WARNING  | The 'geology' attribute is missing (optional).
 inlets.validation              | WARNING  | The 'seed' attribute is missing (optional).
 inlets.validation              | INFO     | 'inlets' settings have been validated
 ►                              | WARNING  | 1/1 inlets have been discarded because out of domain.
 inlets.construction            | INFO     | 'inlets' has been constructed
 fractures.validation           | WARNING  | The 'fractures' attribute is missing (optional).
 fractures.validation           | WARNING  | The 'data' attribute is missing (optional).
 fractures.validation           | WARNING  | The 'axis' attribute is missing (optional).
 fractures.validation           | WARNING  | The 'seed' attribute is missing (optional).
 fractures.validation           | INFO     | 'fractures' settings have been validated
 fractures.construction         | INFO     | 'fractures' has been constructed
 fmm.modelisation               | INFO     | Computing karst conduit network...
 fmm.modelisation               | INFO     | iteration : 1/3
 fmm.modelisation               | INFO     | iteration : 2/3
 fmm.modelisation               | INFO     | iteration : 3/3
 ►                              | INFO     | ****************************
 ►                              | INFO     | *** pyKasso simulation 3 ***
 ►                              | INFO     | ****************************
 ►                              | INFO     | Path          : geometry_07/outputs/simulation_3/
 ►                              | INFO     | Date          : 2023-10-04 15:44:37
 ►                              | INFO     | Logging level : 10
 ►                              | INFO     | ---
 domain.validation              | WARNING  | The 'delimitation' attribute is missing (optional).
 domain.validation              | INFO     | 'domain' settings have been validated
 domain.construction            | INFO     | 'domain' has been constructed
 sks.validation                 | WARNING  | The 'costs' attribute is missing (optional).
 sks.validation                 | WARNING  | The 'factors' attribute is missing (optional).
 sks.validation                 | INFO     | 'sks' settings have been validated
 geology.validation             | WARNING  | The 'geology' attribute is missing (optional).
 geology.validation             | WARNING  | The 'data' attribute is missing (optional).
 geology.validation             | WARNING  | The 'axis' attribute is missing (optional).
 geology.validation             | INFO     | 'geology' settings have been validated
 geology.construction           | INFO     | 'geology' has been constructed
 faults.validation              | WARNING  | The 'faults' attribute is missing (optional).
 faults.validation              | WARNING  | The 'data' attribute is missing (optional).
 faults.validation              | WARNING  | The 'axis' attribute is missing (optional).
 faults.validation              | INFO     | 'faults' settings have been validated
 faults.construction            | INFO     | 'faults' has been constructed
 outlets.validation             | WARNING  | The 'data' attribute is missing (optional).
 outlets.validation             | WARNING  | The 'shuffle' attribute is missing (optional).
 outlets.validation             | WARNING  | The 'subdomain' attribute is missing (optional).
 outlets.validation             | WARNING  | The 'geology' attribute is missing (optional).
 outlets.validation             | WARNING  | The 'seed' attribute is missing (optional).
 outlets.validation             | INFO     | 'outlets' settings have been validated
 ►                              | WARNING  | 1/1 outlets have been discarded because out of domain.
 outlets.construction           | INFO     | 'outlets' has been constructed
 inlets.validation              | WARNING  | The 'data' attribute is missing (optional).
 inlets.validation              | WARNING  | The 'shuffle' attribute is missing (optional).
 inlets.validation              | WARNING  | The 'subdomain' attribute is missing (optional).
 inlets.validation              | WARNING  | The 'geology' attribute is missing (optional).
 inlets.validation              | WARNING  | The 'seed' attribute is missing (optional).
 inlets.validation              | INFO     | 'inlets' settings have been validated
 ►                              | WARNING  | 1/1 inlets have been discarded because out of domain.
 inlets.construction            | INFO     | 'inlets' has been constructed
 fractures.validation           | WARNING  | The 'fractures' attribute is missing (optional).
 fractures.validation           | WARNING  | The 'data' attribute is missing (optional).
 fractures.validation           | WARNING  | The 'axis' attribute is missing (optional).
 fractures.validation           | WARNING  | The 'seed' attribute is missing (optional).
 fractures.validation           | INFO     | 'fractures' settings have been validated
 fractures.construction         | INFO     | 'fractures' has been constructed
 fmm.modelisation               | INFO     | Computing karst conduit network...
 fmm.modelisation               | INFO     | iteration : 1/3
 fmm.modelisation               | INFO     | iteration : 2/3
 fmm.modelisation               | INFO     | iteration : 3/3
 ►                              | INFO     | ****************************
 ►                              | INFO     | *** pyKasso simulation 4 ***
 ►                              | INFO     | ****************************
 ►                              | INFO     | Path          : geometry_07/outputs/simulation_4/
 ►                              | INFO     | Date          : 2023-10-04 15:44:40
 ►                              | INFO     | Logging level : 10
 ►                              | INFO     | ---
 domain.validation              | WARNING  | The 'delimitation' attribute is missing (optional).
 domain.validation              | INFO     | 'domain' settings have been validated
 domain.construction            | INFO     | 'domain' has been constructed
 sks.validation                 | WARNING  | The 'costs' attribute is missing (optional).
 sks.validation                 | WARNING  | The 'factors' attribute is missing (optional).
 sks.validation                 | INFO     | 'sks' settings have been validated
 geology.validation             | WARNING  | The 'geology' attribute is missing (optional).
 geology.validation             | WARNING  | The 'data' attribute is missing (optional).
 geology.validation             | WARNING  | The 'axis' attribute is missing (optional).
 geology.validation             | INFO     | 'geology' settings have been validated
 geology.construction           | INFO     | 'geology' has been constructed
 faults.validation              | WARNING  | The 'faults' attribute is missing (optional).
 faults.validation              | WARNING  | The 'data' attribute is missing (optional).
 faults.validation              | WARNING  | The 'axis' attribute is missing (optional).
 faults.validation              | INFO     | 'faults' settings have been validated
 faults.construction            | INFO     | 'faults' has been constructed
 outlets.validation             | WARNING  | The 'data' attribute is missing (optional).
 outlets.validation             | WARNING  | The 'shuffle' attribute is missing (optional).
 outlets.validation             | WARNING  | The 'subdomain' attribute is missing (optional).
 outlets.validation             | WARNING  | The 'geology' attribute is missing (optional).
 outlets.validation             | WARNING  | The 'seed' attribute is missing (optional).
 outlets.validation             | INFO     | 'outlets' settings have been validated
 ►                              | WARNING  | 1/1 outlets have been discarded because out of domain.
 outlets.construction           | INFO     | 'outlets' has been constructed
 inlets.validation              | WARNING  | The 'data' attribute is missing (optional).
 inlets.validation              | WARNING  | The 'shuffle' attribute is missing (optional).
 inlets.validation              | WARNING  | The 'subdomain' attribute is missing (optional).
 inlets.validation              | WARNING  | The 'geology' attribute is missing (optional).
 inlets.validation              | WARNING  | The 'seed' attribute is missing (optional).
 inlets.validation              | INFO     | 'inlets' settings have been validated
 ►                              | WARNING  | 1/1 inlets have been discarded because out of domain.
 inlets.construction            | INFO     | 'inlets' has been constructed
 fractures.validation           | WARNING  | The 'fractures' attribute is missing (optional).
 fractures.validation           | WARNING  | The 'data' attribute is missing (optional).
 fractures.validation           | WARNING  | The 'axis' attribute is missing (optional).
 fractures.validation           | WARNING  | The 'seed' attribute is missing (optional).
 fractures.validation           | INFO     | 'fractures' settings have been validated
 fractures.construction         | INFO     | 'fractures' has been constructed
 fmm.modelisation               | INFO     | Computing karst conduit network...
 fmm.modelisation               | INFO     | iteration : 1/3
 fmm.modelisation               | INFO     | iteration : 2/3
 fmm.modelisation               | INFO     | iteration : 3/3
 ►                              | INFO     | ****************************
 ►                              | INFO     | *** pyKasso simulation 5 ***
 ►                              | INFO     | ****************************
 ►                              | INFO     | Path          : geometry_07/outputs/simulation_5/
 ►                              | INFO     | Date          : 2023-10-04 15:45:08
 ►                              | INFO     | Logging level : 10
 ►                              | INFO     | ---
 domain.validation              | WARNING  | The 'delimitation' attribute is missing (optional).
 domain.validation              | INFO     | 'domain' settings have been validated
 domain.construction            | INFO     | 'domain' has been constructed
 sks.validation                 | WARNING  | The 'costs' attribute is missing (optional).
 sks.validation                 | WARNING  | The 'mode' attribute is missing (optional).
 sks.validation                 | WARNING  | The 'factors' attribute is missing (optional).
 sks.validation                 | INFO     | 'sks' settings have been validated
 geology.validation             | WARNING  | The 'geology' attribute is missing (optional).
 geology.validation             | WARNING  | The 'data' attribute is missing (optional).
 geology.validation             | WARNING  | The 'axis' attribute is missing (optional).
 geology.validation             | INFO     | 'geology' settings have been validated
 geology.construction           | INFO     | 'geology' has been constructed
 faults.validation              | WARNING  | The 'faults' attribute is missing (optional).
 faults.validation              | WARNING  | The 'data' attribute is missing (optional).
 faults.validation              | WARNING  | The 'axis' attribute is missing (optional).
 faults.validation              | INFO     | 'faults' settings have been validated
 faults.construction            | INFO     | 'faults' has been constructed
 outlets.validation             | WARNING  | The 'data' attribute is missing (optional).
 outlets.validation             | WARNING  | The 'shuffle' attribute is missing (optional).
 outlets.validation             | WARNING  | The 'subdomain' attribute is missing (optional).
 outlets.validation             | WARNING  | The 'geology' attribute is missing (optional).
 outlets.validation             | WARNING  | The 'seed' attribute is missing (optional).
 outlets.validation             | INFO     | 'outlets' settings have been validated
 ►                              | WARNING  | 1/1 outlets have been discarded because out of domain.
 outlets.construction           | INFO     | 'outlets' has been constructed
 inlets.validation              | WARNING  | The 'data' attribute is missing (optional).
 inlets.validation              | WARNING  | The 'shuffle' attribute is missing (optional).
 inlets.validation              | WARNING  | The 'subdomain' attribute is missing (optional).
 inlets.validation              | WARNING  | The 'geology' attribute is missing (optional).
 inlets.validation              | WARNING  | The 'seed' attribute is missing (optional).
 inlets.validation              | INFO     | 'inlets' settings have been validated
 ►                              | WARNING  | 1/1 inlets have been discarded because out of domain.
 inlets.construction            | INFO     | 'inlets' has been constructed
 fractures.validation           | WARNING  | The 'fractures' attribute is missing (optional).
 fractures.validation           | WARNING  | The 'data' attribute is missing (optional).
 fractures.validation           | WARNING  | The 'axis' attribute is missing (optional).
 fractures.validation           | WARNING  | The 'seed' attribute is missing (optional).
 fractures.validation           | INFO     | 'fractures' settings have been validated
 fractures.construction         | INFO     | 'fractures' has been constructed
 fmm.modelisation               | INFO     | Computing karst conduit network...
 fmm.modelisation               | INFO     | iteration : 1/6
 fmm.modelisation               | INFO     | iteration : 2/6
 fmm.modelisation               | INFO     | iteration : 3/6
 fmm.modelisation               | INFO     | iteration : 4/6
 fmm.modelisation               | INFO     | iteration : 5/6
 fmm.modelisation               | INFO     | iteration : 6/6
 ►                              | INFO     | ****************************
 ►                              | INFO     | *** pyKasso simulation 6 ***
 ►                              | INFO     | ****************************
 ►                              | INFO     | Path          : geometry_07/outputs/simulation_6/
 ►                              | INFO     | Date          : 2023-10-04 15:45:13
 ►                              | INFO     | Logging level : 10
 ►                              | INFO     | ---
 domain.validation              | WARNING  | The 'delimitation' attribute is missing (optional).
 domain.validation              | INFO     | 'domain' settings have been validated
 domain.construction            | INFO     | 'domain' has been constructed
 sks.validation                 | WARNING  | The 'costs' attribute is missing (optional).
 sks.validation                 | WARNING  | The 'mode' attribute is missing (optional).
 sks.validation                 | WARNING  | The 'factors' attribute is missing (optional).
 sks.validation                 | INFO     | 'sks' settings have been validated
 geology.validation             | WARNING  | The 'geology' attribute is missing (optional).
 geology.validation             | WARNING  | The 'data' attribute is missing (optional).
 geology.validation             | WARNING  | The 'axis' attribute is missing (optional).
 geology.validation             | INFO     | 'geology' settings have been validated
 geology.construction           | INFO     | 'geology' has been constructed
 faults.validation              | WARNING  | The 'faults' attribute is missing (optional).
 faults.validation              | WARNING  | The 'data' attribute is missing (optional).
 faults.validation              | WARNING  | The 'axis' attribute is missing (optional).
 faults.validation              | INFO     | 'faults' settings have been validated
 faults.construction            | INFO     | 'faults' has been constructed
 outlets.validation             | WARNING  | The 'data' attribute is missing (optional).
 outlets.validation             | WARNING  | The 'shuffle' attribute is missing (optional).
 outlets.validation             | WARNING  | The 'subdomain' attribute is missing (optional).
 outlets.validation             | WARNING  | The 'geology' attribute is missing (optional).
 outlets.validation             | WARNING  | The 'seed' attribute is missing (optional).
 outlets.validation             | INFO     | 'outlets' settings have been validated
 ►                              | WARNING  | 1/1 outlets have been discarded because out of domain.
 outlets.construction           | INFO     | 'outlets' has been constructed
 inlets.validation              | WARNING  | The 'data' attribute is missing (optional).
 inlets.validation              | WARNING  | The 'shuffle' attribute is missing (optional).
 inlets.validation              | WARNING  | The 'subdomain' attribute is missing (optional).
 inlets.validation              | WARNING  | The 'geology' attribute is missing (optional).
 inlets.validation              | WARNING  | The 'seed' attribute is missing (optional).
 inlets.validation              | INFO     | 'inlets' settings have been validated
 ►                              | WARNING  | 1/1 inlets have been discarded because out of domain.
 inlets.construction            | INFO     | 'inlets' has been constructed
 fractures.validation           | WARNING  | The 'fractures' attribute is missing (optional).
 fractures.validation           | WARNING  | The 'data' attribute is missing (optional).
 fractures.validation           | WARNING  | The 'axis' attribute is missing (optional).
 fractures.validation           | WARNING  | The 'seed' attribute is missing (optional).
 fractures.validation           | INFO     | 'fractures' settings have been validated
 fractures.construction         | INFO     | 'fractures' has been constructed
 fmm.modelisation               | INFO     | Computing karst conduit network...
 fmm.modelisation               | INFO     | iteration : 1/6
 fmm.modelisation               | INFO     | iteration : 2/6
 fmm.modelisation               | INFO     | iteration : 3/6
 fmm.modelisation               | INFO     | iteration : 4/6
 fmm.modelisation               | INFO     | iteration : 5/6
 fmm.modelisation               | INFO     | iteration : 6/6
 ►                              | INFO     | ****************************
 ►                              | INFO     | *** pyKasso simulation 7 ***
 ►                              | INFO     | ****************************
 ►                              | INFO     | Path          : geometry_07/outputs/simulation_7/
 ►                              | INFO     | Date          : 2023-10-04 15:45:43
 ►                              | INFO     | Logging level : 10
 ►                              | INFO     | ---
 domain.validation              | WARNING  | The 'delimitation' attribute is missing (optional).
 domain.validation              | INFO     | 'domain' settings have been validated
 domain.construction            | INFO     | 'domain' has been constructed
 sks.validation                 | WARNING  | The 'costs' attribute is missing (optional).
 sks.validation                 | WARNING  | The 'factors' attribute is missing (optional).
 sks.validation                 | INFO     | 'sks' settings have been validated
 geology.validation             | WARNING  | The 'geology' attribute is missing (optional).
 geology.validation             | WARNING  | The 'data' attribute is missing (optional).
 geology.validation             | WARNING  | The 'axis' attribute is missing (optional).
 geology.validation             | INFO     | 'geology' settings have been validated
 geology.construction           | INFO     | 'geology' has been constructed
 faults.validation              | WARNING  | The 'faults' attribute is missing (optional).
 faults.validation              | WARNING  | The 'data' attribute is missing (optional).
 faults.validation              | WARNING  | The 'axis' attribute is missing (optional).
 faults.validation              | INFO     | 'faults' settings have been validated
 faults.construction            | INFO     | 'faults' has been constructed
 outlets.validation             | WARNING  | The 'shuffle' attribute is missing (optional).
 outlets.validation             | WARNING  | The 'subdomain' attribute is missing (optional).
 outlets.validation             | WARNING  | The 'geology' attribute is missing (optional).
 outlets.validation             | WARNING  | The 'seed' attribute is missing (optional).
 outlets.validation             | INFO     | 'outlets' settings have been validated
 outlets.construction           | INFO     | 'outlets' has been constructed
 inlets.validation              | WARNING  | The 'data' attribute is missing (optional).
 inlets.validation              | WARNING  | The 'shuffle' attribute is missing (optional).
 inlets.validation              | WARNING  | The 'subdomain' attribute is missing (optional).
 inlets.validation              | WARNING  | The 'geology' attribute is missing (optional).
 inlets.validation              | WARNING  | The 'seed' attribute is missing (optional).
 inlets.validation              | INFO     | 'inlets' settings have been validated
 ►                              | WARNING  | 1/1 inlets have been discarded because out of domain.
 inlets.construction            | INFO     | 'inlets' has been constructed
 fractures.validation           | WARNING  | The 'fractures' attribute is missing (optional).
 fractures.validation           | WARNING  | The 'data' attribute is missing (optional).
 fractures.validation           | WARNING  | The 'axis' attribute is missing (optional).
 fractures.validation           | WARNING  | The 'seed' attribute is missing (optional).
 fractures.validation           | INFO     | 'fractures' settings have been validated
 fractures.construction         | INFO     | 'fractures' has been constructed
 fmm.modelisation               | INFO     | Computing karst conduit network...
 fmm.modelisation               | INFO     | iteration : 1/3
 fmm.modelisation               | INFO     | iteration : 2/3
 fmm.modelisation               | INFO     | iteration : 3/3
 ►                              | INFO     | ****************************
 ►                              | INFO     | *** pyKasso simulation 8 ***
 ►                              | INFO     | ****************************
 ►                              | INFO     | Path          : geometry_07/outputs/simulation_8/
 ►                              | INFO     | Date          : 2023-10-04 15:45:46
 ►                              | INFO     | Logging level : 10
 ►                              | INFO     | ---
 domain.validation              | WARNING  | The 'delimitation' attribute is missing (optional).
 domain.validation              | INFO     | 'domain' settings have been validated
 domain.construction            | INFO     | 'domain' has been constructed
 sks.validation                 | WARNING  | The 'costs' attribute is missing (optional).
 sks.validation                 | WARNING  | The 'factors' attribute is missing (optional).
 sks.validation                 | INFO     | 'sks' settings have been validated
 geology.validation             | WARNING  | The 'geology' attribute is missing (optional).
 geology.validation             | WARNING  | The 'data' attribute is missing (optional).
 geology.validation             | WARNING  | The 'axis' attribute is missing (optional).
 geology.validation             | INFO     | 'geology' settings have been validated
 geology.construction           | INFO     | 'geology' has been constructed
 faults.validation              | WARNING  | The 'faults' attribute is missing (optional).
 faults.validation              | WARNING  | The 'data' attribute is missing (optional).
 faults.validation              | WARNING  | The 'axis' attribute is missing (optional).
 faults.validation              | INFO     | 'faults' settings have been validated
 faults.construction            | INFO     | 'faults' has been constructed
 outlets.validation             | WARNING  | The 'shuffle' attribute is missing (optional).
 outlets.validation             | WARNING  | The 'subdomain' attribute is missing (optional).
 outlets.validation             | WARNING  | The 'geology' attribute is missing (optional).
 outlets.validation             | WARNING  | The 'seed' attribute is missing (optional).
 outlets.validation             | INFO     | 'outlets' settings have been validated
 outlets.construction           | INFO     | 'outlets' has been constructed
 inlets.validation              | WARNING  | The 'data' attribute is missing (optional).
 inlets.validation              | WARNING  | The 'shuffle' attribute is missing (optional).
 inlets.validation              | WARNING  | The 'subdomain' attribute is missing (optional).
 inlets.validation              | WARNING  | The 'geology' attribute is missing (optional).
 inlets.validation              | WARNING  | The 'seed' attribute is missing (optional).
 inlets.validation              | INFO     | 'inlets' settings have been validated
 ►                              | WARNING  | 1/1 inlets have been discarded because out of domain.
 inlets.construction            | INFO     | 'inlets' has been constructed
 fractures.validation           | WARNING  | The 'fractures' attribute is missing (optional).
 fractures.validation           | WARNING  | The 'data' attribute is missing (optional).
 fractures.validation           | WARNING  | The 'axis' attribute is missing (optional).
 fractures.validation           | WARNING  | The 'seed' attribute is missing (optional).
 fractures.validation           | INFO     | 'fractures' settings have been validated
 fractures.construction         | INFO     | 'fractures' has been constructed
 fmm.modelisation               | INFO     | Computing karst conduit network...
 fmm.modelisation               | INFO     | iteration : 1/3
 fmm.modelisation               | INFO     | iteration : 2/3
 fmm.modelisation               | INFO     | iteration : 3/3
 ►                              | INFO     | ****************************
 ►                              | INFO     | *** pyKasso simulation 9 ***
 ►                              | INFO     | ****************************
 ►                              | INFO     | Path          : geometry_07/outputs/simulation_9/
 ►                              | INFO     | Date          : 2023-10-04 15:46:05
 ►                              | INFO     | Logging level : 10
 ►                              | INFO     | ---
 domain.validation              | WARNING  | The 'delimitation' attribute is missing (optional).
 domain.validation              | INFO     | 'domain' settings have been validated
 domain.construction            | INFO     | 'domain' has been constructed
 sks.validation                 | WARNING  | The 'costs' attribute is missing (optional).
 sks.validation                 | WARNING  | The 'factors' attribute is missing (optional).
 sks.validation                 | INFO     | 'sks' settings have been validated
 geology.validation             | WARNING  | The 'geology' attribute is missing (optional).
 geology.validation             | WARNING  | The 'data' attribute is missing (optional).
 geology.validation             | WARNING  | The 'axis' attribute is missing (optional).
 geology.validation             | INFO     | 'geology' settings have been validated
 geology.construction           | INFO     | 'geology' has been constructed
 faults.validation              | WARNING  | The 'faults' attribute is missing (optional).
 faults.validation              | WARNING  | The 'data' attribute is missing (optional).
 faults.validation              | WARNING  | The 'axis' attribute is missing (optional).
 faults.validation              | INFO     | 'faults' settings have been validated
 faults.construction            | INFO     | 'faults' has been constructed
 outlets.validation             | WARNING  | The 'shuffle' attribute is missing (optional).
 outlets.validation             | WARNING  | The 'subdomain' attribute is missing (optional).
 outlets.validation             | WARNING  | The 'geology' attribute is missing (optional).
 outlets.validation             | WARNING  | The 'seed' attribute is missing (optional).
 outlets.validation             | INFO     | 'outlets' settings have been validated
 outlets.construction           | INFO     | 'outlets' has been constructed
 inlets.validation              | WARNING  | The 'data' attribute is missing (optional).
 inlets.validation              | WARNING  | The 'shuffle' attribute is missing (optional).
 inlets.validation              | WARNING  | The 'subdomain' attribute is missing (optional).
 inlets.validation              | WARNING  | The 'geology' attribute is missing (optional).
 inlets.validation              | WARNING  | The 'seed' attribute is missing (optional).
 inlets.validation              | INFO     | 'inlets' settings have been validated
 ►                              | WARNING  | 1/1 inlets have been discarded because out of domain.
 inlets.construction            | INFO     | 'inlets' has been constructed
 fractures.validation           | WARNING  | The 'fractures' attribute is missing (optional).
 fractures.validation           | WARNING  | The 'data' attribute is missing (optional).
 fractures.validation           | WARNING  | The 'axis' attribute is missing (optional).
 fractures.validation           | WARNING  | The 'seed' attribute is missing (optional).
 fractures.validation           | INFO     | 'fractures' settings have been validated
 fractures.construction         | INFO     | 'fractures' has been constructed
 fmm.modelisation               | INFO     | Computing karst conduit network...
 fmm.modelisation               | INFO     | iteration : 1/3
 fmm.modelisation               | INFO     | iteration : 2/3
 fmm.modelisation               | INFO     | iteration : 3/3
 ►                              | INFO     | *****************************
 ►                              | INFO     | *** pyKasso simulation 10 ***
 ►                              | INFO     | *****************************
 ►                              | INFO     | Path          : geometry_07/outputs/simulation_10/
 ►                              | INFO     | Date          : 2023-10-04 15:46:07
 ►                              | INFO     | Logging level : 10
 ►                              | INFO     | ---
 domain.validation              | WARNING  | The 'delimitation' attribute is missing (optional).
 domain.validation              | INFO     | 'domain' settings have been validated
 domain.construction            | INFO     | 'domain' has been constructed
 sks.validation                 | WARNING  | The 'costs' attribute is missing (optional).
 sks.validation                 | WARNING  | The 'factors' attribute is missing (optional).
 sks.validation                 | INFO     | 'sks' settings have been validated
 geology.validation             | WARNING  | The 'geology' attribute is missing (optional).
 geology.validation             | WARNING  | The 'data' attribute is missing (optional).
 geology.validation             | WARNING  | The 'axis' attribute is missing (optional).
 geology.validation             | INFO     | 'geology' settings have been validated
 geology.construction           | INFO     | 'geology' has been constructed
 faults.validation              | WARNING  | The 'faults' attribute is missing (optional).
 faults.validation              | WARNING  | The 'data' attribute is missing (optional).
 faults.validation              | WARNING  | The 'axis' attribute is missing (optional).
 faults.validation              | INFO     | 'faults' settings have been validated
 faults.construction            | INFO     | 'faults' has been constructed
 outlets.validation             | WARNING  | The 'shuffle' attribute is missing (optional).
 outlets.validation             | WARNING  | The 'subdomain' attribute is missing (optional).
 outlets.validation             | WARNING  | The 'geology' attribute is missing (optional).
 outlets.validation             | WARNING  | The 'seed' attribute is missing (optional).
 outlets.validation             | INFO     | 'outlets' settings have been validated
 outlets.construction           | INFO     | 'outlets' has been constructed
 inlets.validation              | WARNING  | The 'data' attribute is missing (optional).
 inlets.validation              | WARNING  | The 'shuffle' attribute is missing (optional).
 inlets.validation              | WARNING  | The 'subdomain' attribute is missing (optional).
 inlets.validation              | WARNING  | The 'geology' attribute is missing (optional).
 inlets.validation              | WARNING  | The 'seed' attribute is missing (optional).
 inlets.validation              | INFO     | 'inlets' settings have been validated
 ►                              | WARNING  | 1/1 inlets have been discarded because out of domain.
 inlets.construction            | INFO     | 'inlets' has been constructed
 fractures.validation           | WARNING  | The 'fractures' attribute is missing (optional).
 fractures.validation           | WARNING  | The 'data' attribute is missing (optional).
 fractures.validation           | WARNING  | The 'axis' attribute is missing (optional).
 fractures.validation           | WARNING  | The 'seed' attribute is missing (optional).
 fractures.validation           | INFO     | 'fractures' settings have been validated
 fractures.construction         | INFO     | 'fractures' has been constructed
 fmm.modelisation               | INFO     | Computing karst conduit network...
 fmm.modelisation               | INFO     | iteration : 1/3
 fmm.modelisation               | INFO     | iteration : 2/3
 fmm.modelisation               | INFO     | iteration : 3/3
 ►                              | INFO     | *****************************
 ►                              | INFO     | *** pyKasso simulation 11 ***
 ►                              | INFO     | *****************************
 ►                              | INFO     | Path          : geometry_07/outputs/simulation_11/
 ►                              | INFO     | Date          : 2023-10-04 15:47:52
 ►                              | INFO     | Logging level : 10
 ►                              | INFO     | ---
 domain.validation              | WARNING  | The 'delimitation' attribute is missing (optional).
 domain.validation              | INFO     | 'domain' settings have been validated
 domain.construction            | INFO     | 'domain' has been constructed
 sks.validation                 | WARNING  | The 'costs' attribute is missing (optional).
 sks.validation                 | WARNING  | The 'factors' attribute is missing (optional).
 sks.validation                 | INFO     | 'sks' settings have been validated
 geology.validation             | WARNING  | The 'geology' attribute is missing (optional).
 geology.validation             | WARNING  | The 'data' attribute is missing (optional).
 geology.validation             | WARNING  | The 'axis' attribute is missing (optional).
 geology.validation             | INFO     | 'geology' settings have been validated
 geology.construction           | INFO     | 'geology' has been constructed
 faults.validation              | WARNING  | The 'faults' attribute is missing (optional).
 faults.validation              | WARNING  | The 'data' attribute is missing (optional).
 faults.validation              | WARNING  | The 'axis' attribute is missing (optional).
 faults.validation              | INFO     | 'faults' settings have been validated
 faults.construction            | INFO     | 'faults' has been constructed
 outlets.validation             | WARNING  | The 'shuffle' attribute is missing (optional).
 outlets.validation             | WARNING  | The 'subdomain' attribute is missing (optional).
 outlets.validation             | WARNING  | The 'geology' attribute is missing (optional).
 outlets.validation             | WARNING  | The 'seed' attribute is missing (optional).
 outlets.validation             | INFO     | 'outlets' settings have been validated
 outlets.construction           | INFO     | 'outlets' has been constructed
 inlets.validation              | WARNING  | The 'data' attribute is missing (optional).
 inlets.validation              | WARNING  | The 'shuffle' attribute is missing (optional).
 inlets.validation              | WARNING  | The 'subdomain' attribute is missing (optional).
 inlets.validation              | WARNING  | The 'geology' attribute is missing (optional).
 inlets.validation              | WARNING  | The 'seed' attribute is missing (optional).
 inlets.validation              | INFO     | 'inlets' settings have been validated
 ►                              | WARNING  | 1/1 inlets have been discarded because out of domain.
 inlets.construction            | INFO     | 'inlets' has been constructed
 fractures.validation           | WARNING  | The 'fractures' attribute is missing (optional).
 fractures.validation           | WARNING  | The 'data' attribute is missing (optional).
 fractures.validation           | WARNING  | The 'axis' attribute is missing (optional).
 fractures.validation           | WARNING  | The 'seed' attribute is missing (optional).
 fractures.validation           | INFO     | 'fractures' settings have been validated
 fractures.construction         | INFO     | 'fractures' has been constructed
 fmm.modelisation               | INFO     | Computing karst conduit network...
 fmm.modelisation               | INFO     | iteration : 1/6
 fmm.modelisation               | INFO     | iteration : 2/6
 fmm.modelisation               | INFO     | iteration : 3/6
 fmm.modelisation               | INFO     | iteration : 4/6
 fmm.modelisation               | INFO     | iteration : 5/6
 fmm.modelisation               | INFO     | iteration : 6/6
 ►                              | INFO     | *****************************
 ►                              | INFO     | *** pyKasso simulation 12 ***
 ►                              | INFO     | *****************************
 ►                              | INFO     | Path          : geometry_07/outputs/simulation_12/
 ►                              | INFO     | Date          : 2023-10-04 15:47:56
 ►                              | INFO     | Logging level : 10
 ►                              | INFO     | ---
 domain.validation              | WARNING  | The 'delimitation' attribute is missing (optional).
 domain.validation              | INFO     | 'domain' settings have been validated
 domain.construction            | INFO     | 'domain' has been constructed
 sks.validation                 | WARNING  | The 'costs' attribute is missing (optional).
 sks.validation                 | WARNING  | The 'factors' attribute is missing (optional).
 sks.validation                 | INFO     | 'sks' settings have been validated
 geology.validation             | WARNING  | The 'geology' attribute is missing (optional).
 geology.validation             | WARNING  | The 'data' attribute is missing (optional).
 geology.validation             | WARNING  | The 'axis' attribute is missing (optional).
 geology.validation             | INFO     | 'geology' settings have been validated
 geology.construction           | INFO     | 'geology' has been constructed
 faults.validation              | WARNING  | The 'faults' attribute is missing (optional).
 faults.validation              | WARNING  | The 'data' attribute is missing (optional).
 faults.validation              | WARNING  | The 'axis' attribute is missing (optional).
 faults.validation              | INFO     | 'faults' settings have been validated
 faults.construction            | INFO     | 'faults' has been constructed
 outlets.validation             | WARNING  | The 'shuffle' attribute is missing (optional).
 outlets.validation             | WARNING  | The 'subdomain' attribute is missing (optional).
 outlets.validation             | WARNING  | The 'geology' attribute is missing (optional).
 outlets.validation             | WARNING  | The 'seed' attribute is missing (optional).
 outlets.validation             | INFO     | 'outlets' settings have been validated
 outlets.construction           | INFO     | 'outlets' has been constructed
 inlets.validation              | WARNING  | The 'data' attribute is missing (optional).
 inlets.validation              | WARNING  | The 'shuffle' attribute is missing (optional).
 inlets.validation              | WARNING  | The 'subdomain' attribute is missing (optional).
 inlets.validation              | WARNING  | The 'geology' attribute is missing (optional).
 inlets.validation              | WARNING  | The 'seed' attribute is missing (optional).
 inlets.validation              | INFO     | 'inlets' settings have been validated
 ►                              | WARNING  | 1/1 inlets have been discarded because out of domain.
 inlets.construction            | INFO     | 'inlets' has been constructed
 fractures.validation           | WARNING  | The 'fractures' attribute is missing (optional).
 fractures.validation           | WARNING  | The 'data' attribute is missing (optional).
 fractures.validation           | WARNING  | The 'axis' attribute is missing (optional).
 fractures.validation           | WARNING  | The 'seed' attribute is missing (optional).
 fractures.validation           | INFO     | 'fractures' settings have been validated
 fractures.construction         | INFO     | 'fractures' has been constructed
 fmm.modelisation               | INFO     | Computing karst conduit network...
 fmm.modelisation               | INFO     | iteration : 1/6
 fmm.modelisation               | INFO     | iteration : 2/6
 fmm.modelisation               | INFO     | iteration : 3/6
 fmm.modelisation               | INFO     | iteration : 4/6
 fmm.modelisation               | INFO     | iteration : 5/6
 fmm.modelisation               | INFO     | iteration : 6/6
