 ♠                              | INFO     |              _                        
 ♠                              | INFO     |             | |                       
 ♠                              | INFO     |  _ __  _   _| | ____ _ ___ ___  ___   
 ♠                              | INFO     | | `_ \| | | | |/ / _` / __/ __|/ _ \  
 ♠                              | INFO     | | |_) | |_| |   < (_| \__ \__ \ (_) | 
 ♠                              | INFO     | | .__/ \__, |_|\_\__,_|___/___/\___/  
 ♠                              | INFO     | | |     __/ |                         
 ♠                              | INFO     | |_|    |___/                          
 ☼                              | INFO     | Directory location : c:\Users\franc\OneDrive\Desktop\pykasso\pykasso\notebooks\misc/importance_factor/
 ☼                              | INFO     | Date log creation  : 2024-02-28 18:43:54
 ☼                              | INFO     | pyKasso version    : v.0.1.2
 ☼                              | INFO     | 
 ☼                              | INFO     | Dependencies versions:
 ☼                              | INFO     |  - numpy : 1.24.1
 ☼                              | INFO     |  - pandas : 1.5.3
 ☼                              | INFO     |  - agd : 0.1.31
 ☼                              | INFO     |  - matplotlib : 3.6.3
 ☼                              | INFO     |  - pyvista : 0.42.3
 ☼                              | INFO     |  - karstnet : 1.2.1
 ☼                              | INFO     |  - networkx : 3.1
 ☼                              | INFO     | 
 ☼                              | INFO     | Grid parameters:
 ☼                              | INFO     |  - x0 : 0
 ☼                              | INFO     |  - y0 : 0
 ☼                              | INFO     |  - z0 : 0
 ☼                              | INFO     |  - nx : 300
 ☼                              | INFO     |  - ny : 300
 ☼                              | INFO     |  - nz : 1
 ☼                              | INFO     |  - dx : 10
 ☼                              | INFO     |  - dy : 10
 ☼                              | INFO     |  - dz : 10
 ☼                              | INFO     | 
 ►                              | INFO     | ****************************
 ►                              | INFO     | *** pyKasso simulation 1 ***
 ►                              | INFO     | ****************************
 ►                              | INFO     | Path          : importance_factor/outputs/simulation_1/
 ►                              | INFO     | Date          : 2024-02-28 18:43:54
 ►                              | INFO     | Logging level : 10
 ►                              | INFO     | ---
 validation.sks                 | WARNING  | The 'algorithm' attribute is missing. Set to default value.
 validation.sks                 | WARNING  | The 'costs' attribute is missing. Set to default value.
 validation.sks                 | WARNING  | The 'factors' attribute is missing. Set to default value.
 validation.sks                 | INFO     | 'sks' parameters have been validated.
 validation.geology             | WARNING  | The 'data' attribute is missing. Set to default value.
 validation.geology             | WARNING  | The 'axis' attribute is missing. Set to default value.
 validation.geology             | WARNING  | The 'names' attribute is missing. Set to default value.
 validation.geology             | WARNING  | The 'costs' attribute is missing. Set to default value.
 validation.geology             | WARNING  | The 'model' attribute is missing. Set to default value.
 validation.geology             | INFO     | 'geology' parameters have been validated.
 construction.geology           | INFO     | 'geology' has been constructed
 validation.faults              | WARNING  | The 'data' attribute is missing. Set to default value.
 validation.faults              | WARNING  | The 'axis' attribute is missing. Set to default value.
 validation.faults              | WARNING  | The 'names' attribute is missing. Set to default value.
 validation.faults              | WARNING  | The 'costs' attribute is missing. Set to default value.
 validation.faults              | WARNING  | The 'model' attribute is missing. Set to default value.
 validation.faults              | INFO     | 'faults' parameters have been validated.
 construction.faults            | INFO     | 'faults' has been constructed
 validation.fractures           | WARNING  | The 'data' attribute is missing. Set to default value.
 validation.fractures           | WARNING  | The 'axis' attribute is missing. Set to default value.
 validation.fractures           | WARNING  | The 'names' attribute is missing. Set to default value.
 validation.fractures           | WARNING  | The 'costs' attribute is missing. Set to default value.
 validation.fractures           | WARNING  | The 'model' attribute is missing. Set to default value.
 validation.fractures           | WARNING  | The 'seed' attribute is missing. Set to default value.
 validation.fractures           | INFO     | 'fractures' parameters have been validated.
 construction.fractures         | INFO     | 'fractures' has been constructed
 validation.domain              | WARNING  | The 'delimitation' attribute is missing. Set to default value.
 validation.domain              | WARNING  | The 'topography' attribute is missing. Set to default value.
 validation.domain              | WARNING  | The 'bedrock' attribute is missing. Set to default value.
 validation.domain              | WARNING  | The 'water_table' attribute is missing. Set to default value.
 validation.domain              | INFO     | 'domain' parameters have been validated.
 construction.domain            | INFO     | 'domain' has been constructed
 validation.outlets             | WARNING  | The 'data' attribute is missing. Set to default value.
 validation.outlets             | WARNING  | The 'shuffle' attribute is missing. Set to default value.
 validation.outlets             | WARNING  | The 'subdomain' attribute is missing. Set to default value.
 validation.outlets             | WARNING  | The 'geology' attribute is missing. Set to default value.
 validation.outlets             | INFO     | 'outlets' parameters have been validated.
 construction.outlets           | INFO     | 'outlets' has been constructed
 validation.inlets              | WARNING  | The 'data' attribute is missing. Set to default value.
 validation.inlets              | WARNING  | The 'shuffle' attribute is missing. Set to default value.
 validation.inlets              | WARNING  | The 'subdomain' attribute is missing. Set to default value.
 validation.inlets              | WARNING  | The 'geology' attribute is missing. Set to default value.
 validation.inlets              | INFO     | 'inlets' parameters have been validated.
 construction.inlets            | INFO     | 'inlets' has been constructed
 modelisation.karst             | INFO     | Computing karst conduit network...
 modelisation.karst             | INFO     | iteration : 1/1
 ►                              | INFO     | ****************************
 ►                              | INFO     | *** pyKasso simulation 2 ***
 ►                              | INFO     | ****************************
 ►                              | INFO     | Path          : importance_factor/outputs/simulation_2/
 ►                              | INFO     | Date          : 2024-02-28 18:43:54
 ►                              | INFO     | Logging level : 10
 ►                              | INFO     | ---
 validation.sks                 | WARNING  | The 'algorithm' attribute is missing. Set to default value.
 validation.sks                 | WARNING  | The 'costs' attribute is missing. Set to default value.
 validation.sks                 | WARNING  | The 'factors' attribute is missing. Set to default value.
 validation.sks                 | INFO     | 'sks' parameters have been validated.
 validation.geology             | WARNING  | The 'data' attribute is missing. Set to default value.
 validation.geology             | WARNING  | The 'axis' attribute is missing. Set to default value.
 validation.geology             | WARNING  | The 'names' attribute is missing. Set to default value.
 validation.geology             | WARNING  | The 'costs' attribute is missing. Set to default value.
 validation.geology             | WARNING  | The 'model' attribute is missing. Set to default value.
 validation.geology             | INFO     | 'geology' parameters have been validated.
 construction.geology           | INFO     | 'geology' has been constructed
 validation.faults              | WARNING  | The 'data' attribute is missing. Set to default value.
 validation.faults              | WARNING  | The 'axis' attribute is missing. Set to default value.
 validation.faults              | WARNING  | The 'names' attribute is missing. Set to default value.
 validation.faults              | WARNING  | The 'costs' attribute is missing. Set to default value.
 validation.faults              | WARNING  | The 'model' attribute is missing. Set to default value.
 validation.faults              | INFO     | 'faults' parameters have been validated.
 construction.faults            | INFO     | 'faults' has been constructed
 validation.fractures           | WARNING  | The 'data' attribute is missing. Set to default value.
 validation.fractures           | WARNING  | The 'axis' attribute is missing. Set to default value.
 validation.fractures           | WARNING  | The 'names' attribute is missing. Set to default value.
 validation.fractures           | WARNING  | The 'costs' attribute is missing. Set to default value.
 validation.fractures           | WARNING  | The 'model' attribute is missing. Set to default value.
 validation.fractures           | WARNING  | The 'seed' attribute is missing. Set to default value.
 validation.fractures           | INFO     | 'fractures' parameters have been validated.
 construction.fractures         | INFO     | 'fractures' has been constructed
 validation.domain              | WARNING  | The 'delimitation' attribute is missing. Set to default value.
 validation.domain              | WARNING  | The 'topography' attribute is missing. Set to default value.
 validation.domain              | WARNING  | The 'bedrock' attribute is missing. Set to default value.
 validation.domain              | WARNING  | The 'water_table' attribute is missing. Set to default value.
 validation.domain              | INFO     | 'domain' parameters have been validated.
 construction.domain            | INFO     | 'domain' has been constructed
 validation.outlets             | WARNING  | The 'data' attribute is missing. Set to default value.
 validation.outlets             | WARNING  | The 'shuffle' attribute is missing. Set to default value.
 validation.outlets             | WARNING  | The 'subdomain' attribute is missing. Set to default value.
 validation.outlets             | WARNING  | The 'geology' attribute is missing. Set to default value.
 validation.outlets             | INFO     | 'outlets' parameters have been validated.
 construction.outlets           | INFO     | 'outlets' has been constructed
 validation.inlets              | WARNING  | The 'data' attribute is missing. Set to default value.
 validation.inlets              | WARNING  | The 'shuffle' attribute is missing. Set to default value.
 validation.inlets              | WARNING  | The 'subdomain' attribute is missing. Set to default value.
 validation.inlets              | WARNING  | The 'geology' attribute is missing. Set to default value.
 validation.inlets              | INFO     | 'inlets' parameters have been validated.
 construction.inlets            | INFO     | 'inlets' has been constructed
 modelisation.karst             | INFO     | Computing karst conduit network...
 modelisation.karst             | INFO     | iteration : 1/2
 modelisation.karst             | INFO     | iteration : 2/2
 ►                              | INFO     | ****************************
 ►                              | INFO     | *** pyKasso simulation 3 ***
 ►                              | INFO     | ****************************
 ►                              | INFO     | Path          : importance_factor/outputs/simulation_3/
 ►                              | INFO     | Date          : 2024-02-28 18:43:55
 ►                              | INFO     | Logging level : 10
 ►                              | INFO     | ---
 validation.sks                 | WARNING  | The 'algorithm' attribute is missing. Set to default value.
 validation.sks                 | WARNING  | The 'costs' attribute is missing. Set to default value.
 validation.sks                 | WARNING  | The 'factors' attribute is missing. Set to default value.
 validation.sks                 | INFO     | 'sks' parameters have been validated.
 validation.geology             | WARNING  | The 'data' attribute is missing. Set to default value.
 validation.geology             | WARNING  | The 'axis' attribute is missing. Set to default value.
 validation.geology             | WARNING  | The 'names' attribute is missing. Set to default value.
 validation.geology             | WARNING  | The 'costs' attribute is missing. Set to default value.
 validation.geology             | WARNING  | The 'model' attribute is missing. Set to default value.
 validation.geology             | INFO     | 'geology' parameters have been validated.
 construction.geology           | INFO     | 'geology' has been constructed
 validation.faults              | WARNING  | The 'data' attribute is missing. Set to default value.
 validation.faults              | WARNING  | The 'axis' attribute is missing. Set to default value.
 validation.faults              | WARNING  | The 'names' attribute is missing. Set to default value.
 validation.faults              | WARNING  | The 'costs' attribute is missing. Set to default value.
 validation.faults              | WARNING  | The 'model' attribute is missing. Set to default value.
 validation.faults              | INFO     | 'faults' parameters have been validated.
 construction.faults            | INFO     | 'faults' has been constructed
 validation.fractures           | WARNING  | The 'data' attribute is missing. Set to default value.
 validation.fractures           | WARNING  | The 'axis' attribute is missing. Set to default value.
 validation.fractures           | WARNING  | The 'names' attribute is missing. Set to default value.
 validation.fractures           | WARNING  | The 'costs' attribute is missing. Set to default value.
 validation.fractures           | WARNING  | The 'model' attribute is missing. Set to default value.
 validation.fractures           | WARNING  | The 'seed' attribute is missing. Set to default value.
 validation.fractures           | INFO     | 'fractures' parameters have been validated.
 construction.fractures         | INFO     | 'fractures' has been constructed
 validation.domain              | WARNING  | The 'delimitation' attribute is missing. Set to default value.
 validation.domain              | WARNING  | The 'topography' attribute is missing. Set to default value.
 validation.domain              | WARNING  | The 'bedrock' attribute is missing. Set to default value.
 validation.domain              | WARNING  | The 'water_table' attribute is missing. Set to default value.
 validation.domain              | INFO     | 'domain' parameters have been validated.
 construction.domain            | INFO     | 'domain' has been constructed
 validation.outlets             | WARNING  | The 'data' attribute is missing. Set to default value.
 validation.outlets             | WARNING  | The 'shuffle' attribute is missing. Set to default value.
 validation.outlets             | WARNING  | The 'subdomain' attribute is missing. Set to default value.
 validation.outlets             | WARNING  | The 'geology' attribute is missing. Set to default value.
 validation.outlets             | INFO     | 'outlets' parameters have been validated.
 construction.outlets           | INFO     | 'outlets' has been constructed
 validation.inlets              | WARNING  | The 'data' attribute is missing. Set to default value.
 validation.inlets              | WARNING  | The 'shuffle' attribute is missing. Set to default value.
 validation.inlets              | WARNING  | The 'subdomain' attribute is missing. Set to default value.
 validation.inlets              | WARNING  | The 'geology' attribute is missing. Set to default value.
 validation.inlets              | INFO     | 'inlets' parameters have been validated.
 construction.inlets            | INFO     | 'inlets' has been constructed
 modelisation.karst             | INFO     | Computing karst conduit network...
 modelisation.karst             | INFO     | iteration : 1/3
 modelisation.karst             | INFO     | iteration : 2/3
 modelisation.karst             | INFO     | iteration : 3/3
 ►                              | INFO     | ****************************
 ►                              | INFO     | *** pyKasso simulation 4 ***
 ►                              | INFO     | ****************************
 ►                              | INFO     | Path          : importance_factor/outputs/simulation_4/
 ►                              | INFO     | Date          : 2024-02-28 18:43:55
 ►                              | INFO     | Logging level : 10
 ►                              | INFO     | ---
 validation.sks                 | WARNING  | The 'algorithm' attribute is missing. Set to default value.
 validation.sks                 | WARNING  | The 'costs' attribute is missing. Set to default value.
 validation.sks                 | WARNING  | The 'factors' attribute is missing. Set to default value.
 validation.sks                 | INFO     | 'sks' parameters have been validated.
 validation.geology             | WARNING  | The 'data' attribute is missing. Set to default value.
 validation.geology             | WARNING  | The 'axis' attribute is missing. Set to default value.
 validation.geology             | WARNING  | The 'names' attribute is missing. Set to default value.
 validation.geology             | WARNING  | The 'costs' attribute is missing. Set to default value.
 validation.geology             | WARNING  | The 'model' attribute is missing. Set to default value.
 validation.geology             | INFO     | 'geology' parameters have been validated.
 construction.geology           | INFO     | 'geology' has been constructed
 validation.faults              | WARNING  | The 'data' attribute is missing. Set to default value.
 validation.faults              | WARNING  | The 'axis' attribute is missing. Set to default value.
 validation.faults              | WARNING  | The 'names' attribute is missing. Set to default value.
 validation.faults              | WARNING  | The 'costs' attribute is missing. Set to default value.
 validation.faults              | WARNING  | The 'model' attribute is missing. Set to default value.
 validation.faults              | INFO     | 'faults' parameters have been validated.
 construction.faults            | INFO     | 'faults' has been constructed
 validation.fractures           | WARNING  | The 'data' attribute is missing. Set to default value.
 validation.fractures           | WARNING  | The 'axis' attribute is missing. Set to default value.
 validation.fractures           | WARNING  | The 'names' attribute is missing. Set to default value.
 validation.fractures           | WARNING  | The 'costs' attribute is missing. Set to default value.
 validation.fractures           | WARNING  | The 'model' attribute is missing. Set to default value.
 validation.fractures           | WARNING  | The 'seed' attribute is missing. Set to default value.
 validation.fractures           | INFO     | 'fractures' parameters have been validated.
 construction.fractures         | INFO     | 'fractures' has been constructed
 validation.domain              | WARNING  | The 'delimitation' attribute is missing. Set to default value.
 validation.domain              | WARNING  | The 'topography' attribute is missing. Set to default value.
 validation.domain              | WARNING  | The 'bedrock' attribute is missing. Set to default value.
 validation.domain              | WARNING  | The 'water_table' attribute is missing. Set to default value.
 validation.domain              | INFO     | 'domain' parameters have been validated.
 construction.domain            | INFO     | 'domain' has been constructed
 validation.outlets             | WARNING  | The 'data' attribute is missing. Set to default value.
 validation.outlets             | WARNING  | The 'shuffle' attribute is missing. Set to default value.
 validation.outlets             | WARNING  | The 'subdomain' attribute is missing. Set to default value.
 validation.outlets             | WARNING  | The 'geology' attribute is missing. Set to default value.
 validation.outlets             | INFO     | 'outlets' parameters have been validated.
 construction.outlets           | INFO     | 'outlets' has been constructed
 validation.inlets              | WARNING  | The 'data' attribute is missing. Set to default value.
 validation.inlets              | WARNING  | The 'shuffle' attribute is missing. Set to default value.
 validation.inlets              | WARNING  | The 'subdomain' attribute is missing. Set to default value.
 validation.inlets              | WARNING  | The 'geology' attribute is missing. Set to default value.
 validation.inlets              | INFO     | 'inlets' parameters have been validated.
 construction.inlets            | INFO     | 'inlets' has been constructed
 modelisation.karst             | INFO     | Computing karst conduit network...
 modelisation.karst             | INFO     | iteration : 1/2
 modelisation.karst             | INFO     | iteration : 2/2
 ►                              | INFO     | ****************************
 ►                              | INFO     | *** pyKasso simulation 5 ***
 ►                              | INFO     | ****************************
 ►                              | INFO     | Path          : importance_factor/outputs/simulation_5/
 ►                              | INFO     | Date          : 2024-02-28 18:43:56
 ►                              | INFO     | Logging level : 10
 ►                              | INFO     | ---
 validation.sks                 | WARNING  | The 'algorithm' attribute is missing. Set to default value.
 validation.sks                 | WARNING  | The 'costs' attribute is missing. Set to default value.
 validation.sks                 | WARNING  | The 'factors' attribute is missing. Set to default value.
 validation.sks                 | INFO     | 'sks' parameters have been validated.
 validation.geology             | WARNING  | The 'data' attribute is missing. Set to default value.
 validation.geology             | WARNING  | The 'axis' attribute is missing. Set to default value.
 validation.geology             | WARNING  | The 'names' attribute is missing. Set to default value.
 validation.geology             | WARNING  | The 'costs' attribute is missing. Set to default value.
 validation.geology             | WARNING  | The 'model' attribute is missing. Set to default value.
 validation.geology             | INFO     | 'geology' parameters have been validated.
 construction.geology           | INFO     | 'geology' has been constructed
 validation.faults              | WARNING  | The 'data' attribute is missing. Set to default value.
 validation.faults              | WARNING  | The 'axis' attribute is missing. Set to default value.
 validation.faults              | WARNING  | The 'names' attribute is missing. Set to default value.
 validation.faults              | WARNING  | The 'costs' attribute is missing. Set to default value.
 validation.faults              | WARNING  | The 'model' attribute is missing. Set to default value.
 validation.faults              | INFO     | 'faults' parameters have been validated.
 construction.faults            | INFO     | 'faults' has been constructed
 validation.fractures           | WARNING  | The 'data' attribute is missing. Set to default value.
 validation.fractures           | WARNING  | The 'axis' attribute is missing. Set to default value.
 validation.fractures           | WARNING  | The 'names' attribute is missing. Set to default value.
 validation.fractures           | WARNING  | The 'costs' attribute is missing. Set to default value.
 validation.fractures           | WARNING  | The 'model' attribute is missing. Set to default value.
 validation.fractures           | WARNING  | The 'seed' attribute is missing. Set to default value.
 validation.fractures           | INFO     | 'fractures' parameters have been validated.
 construction.fractures         | INFO     | 'fractures' has been constructed
 validation.domain              | WARNING  | The 'delimitation' attribute is missing. Set to default value.
 validation.domain              | WARNING  | The 'topography' attribute is missing. Set to default value.
 validation.domain              | WARNING  | The 'bedrock' attribute is missing. Set to default value.
 validation.domain              | WARNING  | The 'water_table' attribute is missing. Set to default value.
 validation.domain              | INFO     | 'domain' parameters have been validated.
 construction.domain            | INFO     | 'domain' has been constructed
 validation.outlets             | WARNING  | The 'data' attribute is missing. Set to default value.
 validation.outlets             | WARNING  | The 'shuffle' attribute is missing. Set to default value.
 validation.outlets             | WARNING  | The 'subdomain' attribute is missing. Set to default value.
 validation.outlets             | WARNING  | The 'geology' attribute is missing. Set to default value.
 validation.outlets             | INFO     | 'outlets' parameters have been validated.
 construction.outlets           | INFO     | 'outlets' has been constructed
 validation.inlets              | WARNING  | The 'data' attribute is missing. Set to default value.
 validation.inlets              | WARNING  | The 'shuffle' attribute is missing. Set to default value.
 validation.inlets              | WARNING  | The 'subdomain' attribute is missing. Set to default value.
 validation.inlets              | WARNING  | The 'geology' attribute is missing. Set to default value.
 validation.inlets              | INFO     | 'inlets' parameters have been validated.
 construction.inlets            | INFO     | 'inlets' has been constructed
 modelisation.karst             | INFO     | Computing karst conduit network...
 modelisation.karst             | INFO     | iteration : 1/4
 modelisation.karst             | INFO     | iteration : 2/4
 modelisation.karst             | INFO     | iteration : 3/4
 modelisation.karst             | INFO     | iteration : 4/4
 ►                              | INFO     | ****************************
 ►                              | INFO     | *** pyKasso simulation 6 ***
 ►                              | INFO     | ****************************
 ►                              | INFO     | Path          : importance_factor/outputs/simulation_6/
 ►                              | INFO     | Date          : 2024-02-28 18:43:57
 ►                              | INFO     | Logging level : 10
 ►                              | INFO     | ---
 validation.sks                 | WARNING  | The 'algorithm' attribute is missing. Set to default value.
 validation.sks                 | WARNING  | The 'costs' attribute is missing. Set to default value.
 validation.sks                 | WARNING  | The 'factors' attribute is missing. Set to default value.
 validation.sks                 | INFO     | 'sks' parameters have been validated.
 validation.geology             | WARNING  | The 'data' attribute is missing. Set to default value.
 validation.geology             | WARNING  | The 'axis' attribute is missing. Set to default value.
 validation.geology             | WARNING  | The 'names' attribute is missing. Set to default value.
 validation.geology             | WARNING  | The 'costs' attribute is missing. Set to default value.
 validation.geology             | WARNING  | The 'model' attribute is missing. Set to default value.
 validation.geology             | INFO     | 'geology' parameters have been validated.
 construction.geology           | INFO     | 'geology' has been constructed
 validation.faults              | WARNING  | The 'data' attribute is missing. Set to default value.
 validation.faults              | WARNING  | The 'axis' attribute is missing. Set to default value.
 validation.faults              | WARNING  | The 'names' attribute is missing. Set to default value.
 validation.faults              | WARNING  | The 'costs' attribute is missing. Set to default value.
 validation.faults              | WARNING  | The 'model' attribute is missing. Set to default value.
 validation.faults              | INFO     | 'faults' parameters have been validated.
 construction.faults            | INFO     | 'faults' has been constructed
 validation.fractures           | WARNING  | The 'data' attribute is missing. Set to default value.
 validation.fractures           | WARNING  | The 'axis' attribute is missing. Set to default value.
 validation.fractures           | WARNING  | The 'names' attribute is missing. Set to default value.
 validation.fractures           | WARNING  | The 'costs' attribute is missing. Set to default value.
 validation.fractures           | WARNING  | The 'model' attribute is missing. Set to default value.
 validation.fractures           | WARNING  | The 'seed' attribute is missing. Set to default value.
 validation.fractures           | INFO     | 'fractures' parameters have been validated.
 construction.fractures         | INFO     | 'fractures' has been constructed
 validation.domain              | WARNING  | The 'delimitation' attribute is missing. Set to default value.
 validation.domain              | WARNING  | The 'topography' attribute is missing. Set to default value.
 validation.domain              | WARNING  | The 'bedrock' attribute is missing. Set to default value.
 validation.domain              | WARNING  | The 'water_table' attribute is missing. Set to default value.
 validation.domain              | INFO     | 'domain' parameters have been validated.
 construction.domain            | INFO     | 'domain' has been constructed
 validation.outlets             | WARNING  | The 'data' attribute is missing. Set to default value.
 validation.outlets             | WARNING  | The 'shuffle' attribute is missing. Set to default value.
 validation.outlets             | WARNING  | The 'subdomain' attribute is missing. Set to default value.
 validation.outlets             | WARNING  | The 'geology' attribute is missing. Set to default value.
 validation.outlets             | INFO     | 'outlets' parameters have been validated.
 construction.outlets           | INFO     | 'outlets' has been constructed
 validation.inlets              | WARNING  | The 'data' attribute is missing. Set to default value.
 validation.inlets              | WARNING  | The 'shuffle' attribute is missing. Set to default value.
 validation.inlets              | WARNING  | The 'subdomain' attribute is missing. Set to default value.
 validation.inlets              | WARNING  | The 'geology' attribute is missing. Set to default value.
 validation.inlets              | INFO     | 'inlets' parameters have been validated.
 construction.inlets            | INFO     | 'inlets' has been constructed
 modelisation.karst             | INFO     | Computing karst conduit network...
 modelisation.karst             | INFO     | iteration : 1/6
 modelisation.karst             | INFO     | iteration : 2/6
 modelisation.karst             | INFO     | iteration : 3/6
 modelisation.karst             | INFO     | iteration : 4/6
 modelisation.karst             | INFO     | iteration : 5/6
 modelisation.karst             | INFO     | iteration : 6/6
 ►                              | INFO     | ****************************
 ►                              | INFO     | *** pyKasso simulation 7 ***
 ►                              | INFO     | ****************************
 ►                              | INFO     | Path          : importance_factor/outputs/simulation_7/
 ►                              | INFO     | Date          : 2024-02-28 18:43:58
 ►                              | INFO     | Logging level : 10
 ►                              | INFO     | ---
 validation.sks                 | WARNING  | The 'algorithm' attribute is missing. Set to default value.
 validation.sks                 | WARNING  | The 'costs' attribute is missing. Set to default value.
 validation.sks                 | WARNING  | The 'factors' attribute is missing. Set to default value.
 validation.sks                 | INFO     | 'sks' parameters have been validated.
 validation.geology             | WARNING  | The 'data' attribute is missing. Set to default value.
 validation.geology             | WARNING  | The 'axis' attribute is missing. Set to default value.
 validation.geology             | WARNING  | The 'names' attribute is missing. Set to default value.
 validation.geology             | WARNING  | The 'costs' attribute is missing. Set to default value.
 validation.geology             | WARNING  | The 'model' attribute is missing. Set to default value.
 validation.geology             | INFO     | 'geology' parameters have been validated.
 construction.geology           | INFO     | 'geology' has been constructed
 validation.faults              | WARNING  | The 'data' attribute is missing. Set to default value.
 validation.faults              | WARNING  | The 'axis' attribute is missing. Set to default value.
 validation.faults              | WARNING  | The 'names' attribute is missing. Set to default value.
 validation.faults              | WARNING  | The 'costs' attribute is missing. Set to default value.
 validation.faults              | WARNING  | The 'model' attribute is missing. Set to default value.
 validation.faults              | INFO     | 'faults' parameters have been validated.
 construction.faults            | INFO     | 'faults' has been constructed
 validation.fractures           | WARNING  | The 'data' attribute is missing. Set to default value.
 validation.fractures           | WARNING  | The 'axis' attribute is missing. Set to default value.
 validation.fractures           | WARNING  | The 'names' attribute is missing. Set to default value.
 validation.fractures           | WARNING  | The 'costs' attribute is missing. Set to default value.
 validation.fractures           | WARNING  | The 'model' attribute is missing. Set to default value.
 validation.fractures           | WARNING  | The 'seed' attribute is missing. Set to default value.
 validation.fractures           | INFO     | 'fractures' parameters have been validated.
 construction.fractures         | INFO     | 'fractures' has been constructed
 validation.domain              | WARNING  | The 'delimitation' attribute is missing. Set to default value.
 validation.domain              | WARNING  | The 'topography' attribute is missing. Set to default value.
 validation.domain              | WARNING  | The 'bedrock' attribute is missing. Set to default value.
 validation.domain              | WARNING  | The 'water_table' attribute is missing. Set to default value.
 validation.domain              | INFO     | 'domain' parameters have been validated.
 construction.domain            | INFO     | 'domain' has been constructed
 validation.outlets             | WARNING  | The 'data' attribute is missing. Set to default value.
 validation.outlets             | WARNING  | The 'shuffle' attribute is missing. Set to default value.
 validation.outlets             | WARNING  | The 'subdomain' attribute is missing. Set to default value.
 validation.outlets             | WARNING  | The 'geology' attribute is missing. Set to default value.
 validation.outlets             | INFO     | 'outlets' parameters have been validated.
 construction.outlets           | INFO     | 'outlets' has been constructed
 validation.inlets              | WARNING  | The 'data' attribute is missing. Set to default value.
 validation.inlets              | WARNING  | The 'shuffle' attribute is missing. Set to default value.
 validation.inlets              | WARNING  | The 'subdomain' attribute is missing. Set to default value.
 validation.inlets              | WARNING  | The 'geology' attribute is missing. Set to default value.
 validation.inlets              | INFO     | 'inlets' parameters have been validated.
 construction.inlets            | INFO     | 'inlets' has been constructed
 modelisation.karst             | INFO     | Computing karst conduit network...
 modelisation.karst             | INFO     | iteration : 1/3
 modelisation.karst             | INFO     | iteration : 2/3
 modelisation.karst             | INFO     | iteration : 3/3
 ►                              | INFO     | ****************************
 ►                              | INFO     | *** pyKasso simulation 8 ***
 ►                              | INFO     | ****************************
 ►                              | INFO     | Path          : importance_factor/outputs/simulation_8/
 ►                              | INFO     | Date          : 2024-02-28 18:43:58
 ►                              | INFO     | Logging level : 10
 ►                              | INFO     | ---
 validation.sks                 | WARNING  | The 'algorithm' attribute is missing. Set to default value.
 validation.sks                 | WARNING  | The 'costs' attribute is missing. Set to default value.
 validation.sks                 | WARNING  | The 'factors' attribute is missing. Set to default value.
 validation.sks                 | INFO     | 'sks' parameters have been validated.
 validation.geology             | WARNING  | The 'data' attribute is missing. Set to default value.
 validation.geology             | WARNING  | The 'axis' attribute is missing. Set to default value.
 validation.geology             | WARNING  | The 'names' attribute is missing. Set to default value.
 validation.geology             | WARNING  | The 'costs' attribute is missing. Set to default value.
 validation.geology             | WARNING  | The 'model' attribute is missing. Set to default value.
 validation.geology             | INFO     | 'geology' parameters have been validated.
 construction.geology           | INFO     | 'geology' has been constructed
 validation.faults              | WARNING  | The 'data' attribute is missing. Set to default value.
 validation.faults              | WARNING  | The 'axis' attribute is missing. Set to default value.
 validation.faults              | WARNING  | The 'names' attribute is missing. Set to default value.
 validation.faults              | WARNING  | The 'costs' attribute is missing. Set to default value.
 validation.faults              | WARNING  | The 'model' attribute is missing. Set to default value.
 validation.faults              | INFO     | 'faults' parameters have been validated.
 construction.faults            | INFO     | 'faults' has been constructed
 validation.fractures           | WARNING  | The 'data' attribute is missing. Set to default value.
 validation.fractures           | WARNING  | The 'axis' attribute is missing. Set to default value.
 validation.fractures           | WARNING  | The 'names' attribute is missing. Set to default value.
 validation.fractures           | WARNING  | The 'costs' attribute is missing. Set to default value.
 validation.fractures           | WARNING  | The 'model' attribute is missing. Set to default value.
 validation.fractures           | WARNING  | The 'seed' attribute is missing. Set to default value.
 validation.fractures           | INFO     | 'fractures' parameters have been validated.
 construction.fractures         | INFO     | 'fractures' has been constructed
 validation.domain              | WARNING  | The 'delimitation' attribute is missing. Set to default value.
 validation.domain              | WARNING  | The 'topography' attribute is missing. Set to default value.
 validation.domain              | WARNING  | The 'bedrock' attribute is missing. Set to default value.
 validation.domain              | WARNING  | The 'water_table' attribute is missing. Set to default value.
 validation.domain              | INFO     | 'domain' parameters have been validated.
 construction.domain            | INFO     | 'domain' has been constructed
 validation.outlets             | WARNING  | The 'data' attribute is missing. Set to default value.
 validation.outlets             | WARNING  | The 'shuffle' attribute is missing. Set to default value.
 validation.outlets             | WARNING  | The 'subdomain' attribute is missing. Set to default value.
 validation.outlets             | WARNING  | The 'geology' attribute is missing. Set to default value.
 validation.outlets             | INFO     | 'outlets' parameters have been validated.
 construction.outlets           | INFO     | 'outlets' has been constructed
 validation.inlets              | WARNING  | The 'data' attribute is missing. Set to default value.
 validation.inlets              | WARNING  | The 'shuffle' attribute is missing. Set to default value.
 validation.inlets              | WARNING  | The 'subdomain' attribute is missing. Set to default value.
 validation.inlets              | WARNING  | The 'geology' attribute is missing. Set to default value.
 validation.inlets              | INFO     | 'inlets' parameters have been validated.
 construction.inlets            | INFO     | 'inlets' has been constructed
 modelisation.karst             | INFO     | Computing karst conduit network...
 modelisation.karst             | INFO     | iteration : 1/6
 modelisation.karst             | INFO     | iteration : 2/6
 modelisation.karst             | INFO     | iteration : 3/6
 modelisation.karst             | INFO     | iteration : 4/6
 modelisation.karst             | INFO     | iteration : 5/6
 modelisation.karst             | INFO     | iteration : 6/6
 ►                              | INFO     | ****************************
 ►                              | INFO     | *** pyKasso simulation 9 ***
 ►                              | INFO     | ****************************
 ►                              | INFO     | Path          : importance_factor/outputs/simulation_9/
 ►                              | INFO     | Date          : 2024-02-28 18:43:59
 ►                              | INFO     | Logging level : 10
 ►                              | INFO     | ---
 validation.sks                 | WARNING  | The 'algorithm' attribute is missing. Set to default value.
 validation.sks                 | WARNING  | The 'costs' attribute is missing. Set to default value.
 validation.sks                 | WARNING  | The 'factors' attribute is missing. Set to default value.
 validation.sks                 | INFO     | 'sks' parameters have been validated.
 validation.geology             | WARNING  | The 'data' attribute is missing. Set to default value.
 validation.geology             | WARNING  | The 'axis' attribute is missing. Set to default value.
 validation.geology             | WARNING  | The 'names' attribute is missing. Set to default value.
 validation.geology             | WARNING  | The 'costs' attribute is missing. Set to default value.
 validation.geology             | WARNING  | The 'model' attribute is missing. Set to default value.
 validation.geology             | INFO     | 'geology' parameters have been validated.
 construction.geology           | INFO     | 'geology' has been constructed
 validation.faults              | WARNING  | The 'data' attribute is missing. Set to default value.
 validation.faults              | WARNING  | The 'axis' attribute is missing. Set to default value.
 validation.faults              | WARNING  | The 'names' attribute is missing. Set to default value.
 validation.faults              | WARNING  | The 'costs' attribute is missing. Set to default value.
 validation.faults              | WARNING  | The 'model' attribute is missing. Set to default value.
 validation.faults              | INFO     | 'faults' parameters have been validated.
 construction.faults            | INFO     | 'faults' has been constructed
 validation.fractures           | WARNING  | The 'data' attribute is missing. Set to default value.
 validation.fractures           | WARNING  | The 'axis' attribute is missing. Set to default value.
 validation.fractures           | WARNING  | The 'names' attribute is missing. Set to default value.
 validation.fractures           | WARNING  | The 'costs' attribute is missing. Set to default value.
 validation.fractures           | WARNING  | The 'model' attribute is missing. Set to default value.
 validation.fractures           | WARNING  | The 'seed' attribute is missing. Set to default value.
 validation.fractures           | INFO     | 'fractures' parameters have been validated.
 construction.fractures         | INFO     | 'fractures' has been constructed
 validation.domain              | WARNING  | The 'delimitation' attribute is missing. Set to default value.
 validation.domain              | WARNING  | The 'topography' attribute is missing. Set to default value.
 validation.domain              | WARNING  | The 'bedrock' attribute is missing. Set to default value.
 validation.domain              | WARNING  | The 'water_table' attribute is missing. Set to default value.
 validation.domain              | INFO     | 'domain' parameters have been validated.
 construction.domain            | INFO     | 'domain' has been constructed
 validation.outlets             | WARNING  | The 'data' attribute is missing. Set to default value.
 validation.outlets             | WARNING  | The 'shuffle' attribute is missing. Set to default value.
 validation.outlets             | WARNING  | The 'subdomain' attribute is missing. Set to default value.
 validation.outlets             | WARNING  | The 'geology' attribute is missing. Set to default value.
 validation.outlets             | INFO     | 'outlets' parameters have been validated.
 construction.outlets           | INFO     | 'outlets' has been constructed
 validation.inlets              | WARNING  | The 'data' attribute is missing. Set to default value.
 validation.inlets              | WARNING  | The 'shuffle' attribute is missing. Set to default value.
 validation.inlets              | WARNING  | The 'subdomain' attribute is missing. Set to default value.
 validation.inlets              | WARNING  | The 'geology' attribute is missing. Set to default value.
 validation.inlets              | INFO     | 'inlets' parameters have been validated.
 construction.inlets            | INFO     | 'inlets' has been constructed
 modelisation.karst             | INFO     | Computing karst conduit network...
 modelisation.karst             | INFO     | iteration : 1/9
 modelisation.karst             | INFO     | iteration : 2/9
 modelisation.karst             | INFO     | iteration : 3/9
 modelisation.karst             | INFO     | iteration : 4/9
 modelisation.karst             | INFO     | iteration : 5/9
 modelisation.karst             | INFO     | iteration : 6/9
 modelisation.karst             | INFO     | iteration : 7/9
 modelisation.karst             | INFO     | iteration : 8/9
 modelisation.karst             | INFO     | iteration : 9/9
